# JRE version: Java(TM) SE Runtime Environment (8.0_192-b12) (build 1.8.0_192-b12)
# Java VM: Java HotSpot(TM) 64-Bit Server VM (25.192-b12 mixed mode windows-amd64 compressed oops)
Heap:
 PSYoungGen      total 75776K, used 18170K [0x000000076b600000, 0x0000000774a00000, 0x00000007c0000000)
  eden space 65024K, 12% used [0x000000076b600000,0x000000076bdfa920,0x000000076f580000)
  from space 10752K, 93% used [0x0000000770000000,0x00000007709c41b8,0x0000000770a80000)
  to   space 10752K, 0% used [0x000000076f580000,0x000000076f580000,0x0000000770000000)
 ParOldGen       total 173568K, used 24K [0x00000006c2200000, 0x00000006ccb80000, 0x000000076b600000)
  object space 173568K, 0% used [0x00000006c2200000,0x00000006c2206000,0x00000006ccb80000)
 Metaspace       used 15623K, capacity 15888K, committed 16128K, reserved 1062912K
  class space    used 1864K, capacity 1949K, committed 2048K, reserved 1048576K
GC Heap History (4 events):
Event: 23.320 GC heap before
{Heap before GC invocations=1 (full 0):
 PSYoungGen      total 75776K, used 65024K [0x000000076b600000, 0x0000000770a80000, 0x00000007c0000000)
  eden space 65024K, 100% used [0x000000076b600000,0x000000076f580000,0x000000076f580000)
  from space 10752K, 0% used [0x0000000770000000,0x0000000770000000,0x0000000770a80000)
  to   space 10752K, 0% used [0x000000076f580000,0x000000076f580000,0x0000000770000000)
 ParOldGen       total 173568K, used 0K [0x00000006c2200000, 0x00000006ccb80000, 0x000000076b600000)
  object space 173568K, 0% used [0x00000006c2200000,0x00000006c2200000,0x00000006ccb80000)
 Metaspace       used 11301K, capacity 11484K, committed 11776K, reserved 1058816K
  class space    used 1402K, capacity 1479K, committed 1536K, reserved 1048576K
Event: 23.329 GC heap after
Heap after GC invocations=1 (full 0):
 PSYoungGen      total 75776K, used 10244K [0x000000076b600000, 0x0000000770a80000, 0x00000007c0000000)
  eden space 65024K, 0% used [0x000000076b600000,0x000000076b600000,0x000000076f580000)
  from space 10752K, 95% used [0x000000076f580000,0x000000076ff810f8,0x0000000770000000)
  to   space 10752K, 0% used [0x0000000770000000,0x0000000770000000,0x0000000770a80000)
 ParOldGen       total 173568K, used 16K [0x00000006c2200000, 0x00000006ccb80000, 0x000000076b600000)
  object space 173568K, 0% used [0x00000006c2200000,0x00000006c2204000,0x00000006ccb80000)
 Metaspace       used 11301K, capacity 11484K, committed 11776K, reserved 1058816K
  class space    used 1402K, capacity 1479K, committed 1536K, reserved 1048576K
}
Event: 40.913 GC heap before
{Heap before GC invocations=2 (full 0):
 PSYoungGen      total 75776K, used 75268K [0x000000076b600000, 0x0000000770a80000, 0x00000007c0000000)
  eden space 65024K, 100% used [0x000000076b600000,0x000000076f580000,0x000000076f580000)
  from space 10752K, 95% used [0x000000076f580000,0x000000076ff810f8,0x0000000770000000)
  to   space 10752K, 0% used [0x0000000770000000,0x0000000770000000,0x0000000770a80000)
 ParOldGen       total 173568K, used 16K [0x00000006c2200000, 0x00000006ccb80000, 0x000000076b600000)
  object space 173568K, 0% used [0x00000006c2200000,0x00000006c2204000,0x00000006ccb80000)
 Metaspace       used 15438K, capacity 15760K, committed 16128K, reserved 1062912K
  class space    used 1855K, capacity 1949K, committed 2048K, reserved 1048576K
Event: 41.656 GC heap after
Heap after GC invocations=2 (full 0):
 PSYoungGen      total 75776K, used 10000K [0x000000076b600000, 0x0000000774a00000, 0x00000007c0000000)
  eden space 65024K, 0% used [0x000000076b600000,0x000000076b600000,0x000000076f580000)
  from space 10752K, 93% used [0x0000000770000000,0x00000007709c41b8,0x0000000770a80000)
  to   space 10752K, 0% used [0x000000076f580000,0x000000076f580000,0x0000000770000000)
 ParOldGen       total 173568K, used 24K [0x00000006c2200000, 0x00000006ccb80000, 0x000000076b600000)
  object space 173568K, 0% used [0x00000006c2200000,0x00000006c2206000,0x00000006ccb80000)
 Metaspace       used 15438K, capacity 15760K, committed 16128K, reserved 1062912K
  class space    used 1855K, capacity 1949K, committed 2048K, reserved 1048576K
}

