# JRE version: Java(TM) SE Runtime Environment (8.0_192-b12) (build 1.8.0_192-b12)
# Java VM: Java HotSpot(TM) 64-Bit Server VM (25.192-b12 mixed mode windows-amd64 compressed oops)
Heap:
 PSYoungGen      total 75776K, used 53727K [0x000000076b600000, 0x0000000770a80000, 0x00000007c0000000)
  eden space 65024K, 82% used [0x000000076b600000,0x000000076ea77e70,0x000000076f580000)
  from space 10752K, 0% used [0x000000076f580000,0x000000076f580000,0x0000000770000000)
  to   space 10752K, 0% used [0x0000000770000000,0x0000000770000000,0x0000000770a80000)
 ParOldGen       total 116224K, used 8928K [0x00000006c2200000, 0x00000006c9380000, 0x000000076b600000)
  object space 116224K, 7% used [0x00000006c2200000,0x00000006c2ab8150,0x00000006c9380000)
 Metaspace       used 15214K, capacity 15454K, committed 15488K, reserved 1062912K
  class space    used 1845K, capacity 1914K, committed 1920K, reserved 1048576K
GC Heap History (4 events):
Event: 20.285 GC heap before
{Heap before GC invocations=1 (full 0):
 PSYoungGen      total 75776K, used 61157K [0x000000076b600000, 0x0000000770a80000, 0x00000007c0000000)
  eden space 65024K, 94% used [0x000000076b600000,0x000000076f1b9560,0x000000076f580000)
  from space 10752K, 0% used [0x0000000770000000,0x0000000770000000,0x0000000770a80000)
  to   space 10752K, 0% used [0x000000076f580000,0x000000076f580000,0x0000000770000000)
 ParOldGen       total 173568K, used 0K [0x00000006c2200000, 0x00000006ccb80000, 0x000000076b600000)
  object space 173568K, 0% used [0x00000006c2200000,0x00000006c2200000,0x00000006ccb80000)
 Metaspace       used 10757K, capacity 10852K, committed 10880K, reserved 1062912K
  class space    used 1315K, capacity 1380K, committed 1408K, reserved 1048576K
Event: 20.574 GC heap after
Heap after GC invocations=1 (full 0):
 PSYoungGen      total 75776K, used 9417K [0x000000076b600000, 0x0000000770a80000, 0x00000007c0000000)
  eden space 65024K, 0% used [0x000000076b600000,0x000000076b600000,0x000000076f580000)
  from space 10752K, 87% used [0x000000076f580000,0x000000076feb2638,0x0000000770000000)
  to   space 10752K, 0% used [0x0000000770000000,0x0000000770000000,0x0000000770a80000)
 ParOldGen       total 173568K, used 16K [0x00000006c2200000, 0x00000006ccb80000, 0x000000076b600000)
  object space 173568K, 0% used [0x00000006c2200000,0x00000006c2204000,0x00000006ccb80000)
 Metaspace       used 10757K, capacity 10852K, committed 10880K, reserved 1062912K
  class space    used 1315K, capacity 1380K, committed 1408K, reserved 1048576K
}
Event: 20.574 GC heap before
{Heap before GC invocations=2 (full 1):
 PSYoungGen      total 75776K, used 9417K [0x000000076b600000, 0x0000000770a80000, 0x00000007c0000000)
  eden space 65024K, 0% used [0x000000076b600000,0x000000076b600000,0x000000076f580000)
  from space 10752K, 87% used [0x000000076f580000,0x000000076feb2638,0x0000000770000000)
  to   space 10752K, 0% used [0x0000000770000000,0x0000000770000000,0x0000000770a80000)
 ParOldGen       total 173568K, used 16K [0x00000006c2200000, 0x00000006ccb80000, 0x000000076b600000)
  object space 173568K, 0% used [0x00000006c2200000,0x00000006c2204000,0x00000006ccb80000)
 Metaspace       used 10757K, capacity 10852K, committed 10880K, reserved 1062912K
  class space    used 1315K, capacity 1380K, committed 1408K, reserved 1048576K
Event: 21.093 GC heap after
Heap after GC invocations=2 (full 1):
 PSYoungGen      total 75776K, used 0K [0x000000076b600000, 0x0000000770a80000, 0x00000007c0000000)
  eden space 65024K, 0% used [0x000000076b600000,0x000000076b600000,0x000000076f580000)
  from space 10752K, 0% used [0x000000076f580000,0x000000076f580000,0x0000000770000000)
  to   space 10752K, 0% used [0x0000000770000000,0x0000000770000000,0x0000000770a80000)
 ParOldGen       total 116224K, used 8928K [0x00000006c2200000, 0x00000006c9380000, 0x000000076b600000)
  object space 116224K, 7% used [0x00000006c2200000,0x00000006c2ab8150,0x00000006c9380000)
 Metaspace       used 10757K, capacity 10852K, committed 10880K, reserved 1060864K
  class space    used 1315K, capacity 1380K, committed 1408K, reserved 1048576K
}

